<?xml version="1.0" encoding="UTF-8"?>
<!-- Generated by org.testng.reporters.JUnitReportReporter -->
<testsuite hostname="DESKTOP-KK438AF" failures="0" tests="4" name="com.qa.bayernm.tests.HomePageTest" time="1.743" errors="0" timestamp="2021-02-19T04:29:26 EST" skipped="0">
  <testcase classname="com.qa.bayernm.tests.HomePageTest" name="verifyLoginPageTitleTest" time="1.328"/>
  <system-out/>
  <testcase classname="com.qa.bayernm.tests.HomePageTest" name="isLoginLinkExist" time="0.237"/>
  <system-out/>
  <testcase classname="com.qa.bayernm.tests.HomePageTest" name="isFanStoreExist" time="0.045"/>
  <system-out/>
  <testcase classname="com.qa.bayernm.tests.HomePageTest" name="isShopLinkDisplayed" time="0.133"/>
  <system-out/>
</testsuite> <!-- com.qa.bayernm.tests.HomePageTest -->
